<?xml version="1.0" encoding="UTF-8"?>
<testsuite name="net.happykoo.effective.part2.item2.ItemTest" tests="1" skipped="0" failures="0" errors="0" timestamp="2024-08-27T03:40:55" hostname="gugyeongmin-ui-MacBookPro.local" time="0.031">
  <properties/>
  <testcase name="test()" classname="net.happykoo.effective.part2.item2.ItemTest" time="0.031"/>
  <system-out><![CDATA[happykoo
]]></system-out>
  <system-err><![CDATA[]]></system-err>
</testsuite>
