<?xml version="1.0" encoding="UTF-8"?>
<testsuite name="net.happykoo.effective.part2.item8.ItemTest" tests="1" skipped="0" failures="0" errors="0" timestamp="2024-10-04T06:42:46" hostname="gugyeongmin-ui-MacBookPro.local" time="1.055">
  <properties/>
  <testcase name="test()" classname="net.happykoo.effective.part2.item8.ItemTest" time="1.055"/>
  <system-out><![CDATA[Close!!
]]></system-out>
  <system-err><![CDATA[]]></system-err>
</testsuite>
